{"numTotalTestSuites":1,"numPassedTestSuites":0,"numFailedTestSuites":1,"numPendingTestSuites":0,"numTotalTests":2,"numPassedTests":1,"numFailedTests":1,"numPendingTests":0,"numTodoTests":0,"snapshot":{"added":0,"failure":false,"filesAdded":0,"filesRemoved":0,"filesRemovedList":[],"filesUnmatched":0,"filesUpdated":0,"matched":0,"total":0,"unchecked":0,"uncheckedKeysByFile":[],"unmatched":0,"updated":0,"didUpdate":false},"startTime":1784297643042,"success":false,"testResults":[{"assertionResults":[{"ancestorTitles":[],"fullName":"passes","status":"passed","title":"passes","duration":1.1215890000000002,"failureMessages":[],"meta":{},"tags":[]},{"ancestorTitles":[],"fullName":"fails","status":"failed","title":"fails","duration":4.2171400000000006,"failureMessages":["AssertionError: expected 1 to be 2 // Object.is equality\n    at /tmp/claude-1000/-home-ilia-ai-rtk/30c41c6b-7d20-4704-a8ab-be9d26397ab5/scratchpad/vt/a.test.js:3:33\n    at file:///home/ilia/.npm/_npx/69c381f8ad94b576/node_modules/@vitest/runner/dist/chunk-artifact.js:302:11\n    at file:///home/ilia/.npm/_npx/69c381f8ad94b576/node_modules/@vitest/runner/dist/chunk-artifact.js:1903:26\n    at file:///home/ilia/.npm/_npx/69c381f8ad94b576/node_modules/@vitest/runner/dist/chunk-artifact.js:2326:20\n    at new Promise (<anonymous>)\n    at runWithCancel (file:///home/ilia/.npm/_npx/69c381f8ad94b576/node_modules/@vitest/runner/dist/chunk-artifact.js:2323:10)\n    at file:///home/ilia/.npm/_npx/69c381f8ad94b576/node_modules/@vitest/runner/dist/chunk-artifact.js:2305:20\n    at new Promise (<anonymous>)\n    at runWithTimeout (file:///home/ilia/.npm/_npx/69c381f8ad94b576/node_modules/@vitest/runner/dist/chunk-artifact.js:2272:10)\n    at file:///home/ilia/.npm/_npx/69c381f8ad94b576/node_modules/@vitest/runner/dist/chunk-artifact.js:2955:64"],"meta":{},"tags":[]}],"startTime":1784297643178,"endTime":1784297643183.217,"status":"failed","message":"","name":"/tmp/claude-1000/-home-ilia-ai-rtk/30c41c6b-7d20-4704-a8ab-be9d26397ab5/scratchpad/vt/a.test.js"}]}
